<?xml version="1.0" encoding="UTF-8"?>
<testng-results ignored="0" total="1" passed="1" failed="0" skipped="0">
  <reporter-output>
  </reporter-output>
  <suite started-at="2023-12-31T13:03:48 EST" name="RestAPI" finished-at="2023-12-31T13:03:52 EST" duration-ms="4459">
    <groups>
    </groups>
    <test started-at="2023-12-31T13:03:48 EST" name="RestAPI-PetsStore" finished-at="2023-12-31T13:03:52 EST" duration-ms="4459">
      <class name="tests.PetsTestNew">
        <test-method signature="createPetsAndVerify()[pri:0, instance:tests.PetsTestNew@57cf54e1]" started-at="2023-12-31T13:03:48 EST" name="createPetsAndVerify" finished-at="2023-12-31T13:03:52 EST" duration-ms="4189" status="PASS">
          <reporter-output>
          </reporter-output>
        </test-method> <!-- createPetsAndVerify -->
      </class> <!-- tests.PetsTestNew -->
    </test> <!-- RestAPI-PetsStore -->
  </suite> <!-- RestAPI -->
</testng-results>
