<?xml version="1.0" encoding="UTF-8"?>
<testng-results ignored="0" total="1" passed="1" failed="0" skipped="0">
  <reporter-output>
  </reporter-output>
  <suite started-at="2023-12-30T16:43:37 EST" name="RestAPI" finished-at="2023-12-30T16:43:40 EST" duration-ms="2613">
    <groups>
    </groups>
    <test started-at="2023-12-30T16:43:37 EST" name="RestAPI-PetsStore" finished-at="2023-12-30T16:43:40 EST" duration-ms="2613">
      <class name="tests.PetsTestNew">
        <test-method signature="createPetsAndVerify()[pri:0, instance:tests.PetsTestNew@741a8937]" started-at="2023-12-30T16:43:38 EST" name="createPetsAndVerify" finished-at="2023-12-30T16:43:40 EST" duration-ms="2403" status="PASS">
          <reporter-output>
          </reporter-output>
        </test-method> <!-- createPetsAndVerify -->
      </class> <!-- tests.PetsTestNew -->
    </test> <!-- RestAPI-PetsStore -->
  </suite> <!-- RestAPI -->
</testng-results>
